<?xml version="1.0" encoding="UTF-8" ?>
<testsuite errors="0" failures="1" hostname="Mneysmne" name="bank.bankieren.IBalieTest" skipped="0" tests="1" time="10.718" timestamp="2015-06-09T14:51:25">
  <properties>
    <property name="netbeans.autoupdate.country" value="US" />
    <property name="javafx.binarycss" value="false" />
    <property name="javafx.signing.enabled" value="true" />
    <property name="javac.test.classpath" value="D:\Tools\jdk1.8.0_11\jre/lib/javaws.jar:D:\Tools\jdk1.8.0_11\jre/lib/deploy.jar:D:\Tools\jdk1.8.0_11\jre/lib/plugin.jar:build/classes:D:\Tools\NetBeans 8.0\platform\modules\ext\junit-4.10.jar" />
    <property name="manifest.custom.codebase" value="*" />
    <property name="javafx.signing.blob" value="false" />
    <property name="libs.junit.javadoc" value="D:\Tools\NetBeans 8.0\java\docs\junit-3.8.2-api.zip" />
    <property name="javac.includes" value="bank/bankieren/IBalieTest.java" />
    <property name="ant.core.lib" value="D:\Tools\NetBeans 8.0\extide\ant\lib\ant.jar" />
    <property name="javadoc.windowtitle" value="" />
    <property name="javafx.preloader.enabled" value="false" />
    <property name="user.dir" value="C:\Users\Mnesymne\Documents\GitHub\InternetBankieren\BankierenNoObserverFX" />
    <property name="java.vm.version" value="25.11-b03" />
    <property name="libs.MySQLDriver.classpath" value="D:\Tools\NetBeans 8.0\ide\modules\ext\mysql-connector-java-5.1.23-bin.jar" />
    <property name="libs.eclipselinkmodelgen.src" value="" />
    <property name="javadoc.notree" value="false" />
    <property name="netbeans.autoupdate.version" value="1.23" />
    <property name="javafx.run.as" value="standalone" />
    <property name="javac.profile.cmd.line.arg" value="" />
    <property name="jdk.home" value="D:\Tools\jdk1.8.0_11" />
    <property name="javafx.deploy.addstartmenushortcut" value="false" />
    <property name="libs.javac-api.src" value="" />
    <property name="javafx.enabled" value="true" />
    <property name="javadoc.noindex" value="false" />
    <property name="libs.jpa2-persistence.classpath" value="D:\Tools\NetBeans 8.0\java\modules\ext\hibernate4\hibernate-jpa-2.1-api-1.0.0.Final.jar" />
    <property name="sun.os.patch.level" value="" />
    <property name="auxiliary.org-netbeans-modules-projectapi.issue214819_5f_fx_5f_enabled" value="true" />
    <property name="java.vm.specification.name" value="Java Virtual Machine Specification" />
    <property name="nb.show.statistics.ui" value="usageStatisticsEnabled" />
    <property name="netbeans.autoupdate.variant" value="" />
    <property name="have.tests" value="true" />
    <property name="org.xml.sax.driver" value="com.sun.org.apache.xerces.internal.jaxp.SAXParserImpl$JAXPSAXParser" />
    <property name="libs.javac-api.javadoc" value="" />
    <property name="os.name" value="Windows 8.1" />
    <property name="test.class" value="bank.bankieren.IBalieTest" />
    <property name="libs.beans-binding.classpath" value="D:\Tools\NetBeans 8.0\java\modules\ext\beansbinding-1.2.1.jar" />
    <property name="ap.proc.none.internal" value="" />
    <property name="libs.JWSAntTasks.maven-pom" value="" />
    <property name="libs.testng.src" value="" />
    <property name="javafx.preloader.project.path" value="" />
    <property name="java.vendor.url.bug" value="http://bugreport.sun.com/bugreport/" />
    <property name="javafx.preloader.type" value="none" />
    <property name="libs.jaxb.maven-pom" value="" />
    <property name="os.arch" value="amd64" />
    <property name="libs.eclipselink.src" value="" />
    <property name="user.name" value="Mnesymne" />
    <property name="copylibs.rebase" value="true" />
    <property name="libs.swing-layout.maven-pom" value="" />
    <property name="sun.java.command" value="org.apache.tools.ant.taskdefs.optional.junit.JUnitTestRunner bank.bankieren.IBalieTest skipNonTests=false filtertrace=true haltOnError=false haltOnFailure=false showoutput=true outputtoformatters=true logfailedtests=true threadid=0 logtestlistenerevents=true formatter=org.apache.tools.ant.taskdefs.optional.junit.BriefJUnitResultFormatter formatter=org.apache.tools.ant.taskdefs.optional.junit.XMLJUnitResultFormatter,C:\Users\Mnesymne\Documents\GitHub\InternetBankieren\BankierenNoObserverFX\build\test\results\TEST-bank.bankieren.IBalieTest.xml crashfile=C:\Users\Mnesymne\Documents\GitHub\InternetBankieren\BankierenNoObserverFX\build\junitvmwatcher524770245548926043.properties propsfile=C:\Users\Mnesymne\Documents\GitHub\InternetBankieren\BankierenNoObserverFX\build\junit1306641207116071914.properties" />
    <property name="build.classes.dir" value="build/classes" />
    <property name="netbeans.accept_license_class" value="org.netbeans.license.AcceptLicense" />
    <property name="build.sysclasspath" value="ignore" />
    <property name="ap.supported.internal" value="true" />
    <property name="libs.jaxws21.javadoc" value="D:\Tools\NetBeans 8.0\java\docs\jaxws-api-doc.zip" />
    <property name="javafx.run.width" value="800" />
    <property name="includes" value="**" />
    <property name="user.country" value="US" />
    <property name="manifest.file" value="manifest.mf" />
    <property name="javadoc.encoding" value="UTF-8" />
    <property name="javac.classpath" value="D:\Tools\jdk1.8.0_11\jre/lib/javaws.jar:D:\Tools\jdk1.8.0_11\jre/lib/deploy.jar:D:\Tools\jdk1.8.0_11\jre/lib/plugin.jar" />
    <property name="libs.JAVADB_DRIVER_LABEL.src" value="" />
    <property name="libs.spring-framework400.classpath" value="D:\Tools\NetBeans 8.0\ide\modules\org-apache-commons-logging.jar;D:\Tools\NetBeans 8.0\java\modules\ext\cglib-2.2.jar;D:\Tools\NetBeans 8.0\java\modules\ext\spring-4\spring-aop-4.0.1.RELEASE.jar;D:\Tools\NetBeans 8.0\java\modules\ext\spring-4\spring-aspects-4.0.1.RELEASE.jar;D:\Tools\NetBeans 8.0\java\modules\ext\spring-4\spring-beans-4.0.1.RELEASE.jar;D:\Tools\NetBeans 8.0\java\modules\ext\spring-4\spring-build-src-4.0.1.RELEASE.jar;D:\Tools\NetBeans 8.0\java\modules\ext\spring-4\spring-context-4.0.1.RELEASE.jar;D:\Tools\NetBeans 8.0\java\modules\ext\spring-4\spring-context-support-4.0.1.RELEASE.jar;D:\Tools\NetBeans 8.0\java\modules\ext\spring-4\spring-core-4.0.1.RELEASE.jar;D:\Tools\NetBeans 8.0\java\modules\ext\spring-4\spring-expression-4.0.1.RELEASE.jar;D:\Tools\NetBeans 8.0\java\modules\ext\spring-4\spring-framework-bom-4.0.1.RELEASE.jar;D:\Tools\NetBeans 8.0\java\modules\ext\spring-4\spring-instrument-4.0.1.RELEASE.jar;D:\Tools\NetBeans 8.0\java\modules\ext\spring-4\spring-instrument-tomcat-4.0.1.RELEASE.jar;D:\Tools\NetBeans 8.0\java\modules\ext\spring-4\spring-jdbc-4.0.1.RELEASE.jar;D:\Tools\NetBeans 8.0\java\modules\ext\spring-4\spring-jms-4.0.1.RELEASE.jar;D:\Tools\NetBeans 8.0\java\modules\ext\spring-4\spring-messaging-4.0.1.RELEASE.jar;D:\Tools\NetBeans 8.0\java\modules\ext\spring-4\spring-orm-4.0.1.RELEASE.jar;D:\Tools\NetBeans 8.0\java\modules\ext\spring-4\spring-oxm-4.0.1.RELEASE.jar;D:\Tools\NetBeans 8.0\java\modules\ext\spring-4\spring-test-4.0.1.RELEASE.jar;D:\Tools\NetBeans 8.0\java\modules\ext\spring-4\spring-tx-4.0.1.RELEASE.jar;D:\Tools\NetBeans 8.0\java\modules\ext\spring-4\spring-web-4.0.1.RELEASE.jar;D:\Tools\NetBeans 8.0\java\modules\ext\spring-4\spring-webmvc-4.0.1.RELEASE.jar;D:\Tools\NetBeans 8.0\java\modules\ext\spring-4\spring-webmvc-portlet-4.0.1.RELEASE.jar;D:\Tools\NetBeans 8.0\java\modules\ext\spring-4\spring-websocket-4.0.1.RELEASE.jar" />
    <property name="debug-transport" value="dt_shmem" />
    <property name="netbeans.home" value="D:\Tools\NetBeans 8.0\platform" />
    <property name="build.compiler.emacs" value="true" />
    <property name="javafx.deploy.includeDT" value="true" />
    <property name="java.endorsed.dirs" value="D:\Tools\jdk1.8.0_11\jre\lib\endorsed" />
    <property name="netbeans.dynamic.classpath" value="D:\Tools\NetBeans 8.0\platform\core\core.jar;D:\Tools\NetBeans 8.0\platform\core\org-openide-filesystems.jar;D:\Tools\NetBeans 8.0\platform\core\locale\core_ja.jar;D:\Tools\NetBeans 8.0\platform\core\locale\core_pt_BR.jar;D:\Tools\NetBeans 8.0\platform\core\locale\core_ru.jar;D:\Tools\NetBeans 8.0\platform\core\locale\core_zh_CN.jar;D:\Tools\NetBeans 8.0\platform\core\locale\org-openide-filesystems_ja.jar;D:\Tools\NetBeans 8.0\platform\core\locale\org-openide-filesystems_pt_BR.jar;D:\Tools\NetBeans 8.0\platform\core\locale\org-openide-filesystems_ru.jar;D:\Tools\NetBeans 8.0\platform\core\locale\org-openide-filesystems_zh_CN.jar;D:\Tools\NetBeans 8.0\nb\core\org-netbeans-upgrader.jar;D:\Tools\NetBeans 8.0\nb\core\locale\core_nb.jar;D:\Tools\NetBeans 8.0\nb\core\locale\core_nb_ja.jar;D:\Tools\NetBeans 8.0\nb\core\locale\core_nb_pt_BR.jar;D:\Tools\NetBeans 8.0\nb\core\locale\core_nb_ru.jar;D:\Tools\NetBeans 8.0\nb\core\locale\core_nb_zh_CN.jar;D:\Tools\NetBeans 8.0\nb\core\locale\org-netbeans-upgrader_ja.jar;D:\Tools\NetBeans 8.0\nb\core\locale\org-netbeans-upgrader_pt_BR.jar;D:\Tools\NetBeans 8.0\nb\core\locale\org-netbeans-upgrader_ru.jar;D:\Tools\NetBeans 8.0\nb\core\locale\org-netbeans-upgrader_zh_CN.jar" />
    <property name="jnlp.enabled" value="false" />
    <property name="java.vm.specification.version" value="1.8" />
    <property name="libs.hibernate4-support.src" value="" />
    <property name="libs.MySQLDriver_2.maven-pom" value="" />
    <property name="netbeans.productversion" value="NetBeans IDE 8.0.2 (Build 201411181905)" />
    <property name="javafx.preloader.class" value="" />
    <property name="libs.jaxws21.src" value="" />
    <property name="application.title" value="BankierenNoObserverFX" />
    <property name="netbeans.autoupdate.language" value="en" />
    <property name="java.vendor" value="Oracle Corporation" />
    <property name="jar.index.metainf" value="false" />
    <property name="javac.debug" value="true" />
    <property name="javadoc.splitindex" value="true" />
    <property name="file.separator" value="\" />
    <property name="javac.includesfile.binary" value="C:\Users\Mnesymne\Documents\GitHub\InternetBankieren\BankierenNoObserverFX\null297680618" />
    <property name="libs.junit_4.maven-pom" value="" />
    <property name="ant.file.type.BankierenNoObserverFX-impl" value="file" />
    <property name="mkdist.disabled" value="false" />
    <property name="javac.test.processorpath" value="D:\Tools\jdk1.8.0_11\jre/lib/javaws.jar:D:\Tools\jdk1.8.0_11\jre/lib/deploy.jar:D:\Tools\jdk1.8.0_11\jre/lib/plugin.jar:build/classes:D:\Tools\NetBeans 8.0\platform\modules\ext\junit-4.10.jar" />
    <property name="netbeans.buildnumber" value="201411181905" />
    <property name="libs.JWSAntTasks.javadoc" value="" />
    <property name="build.generated.sources.dir" value="build/generated-sources" />
    <property name="user.variant" value="" />
    <property name="libs.eclipselinkmodelgen.classpath" value="D:\Tools\NetBeans 8.0\java\modules\ext\eclipselink\org.eclipse.persistence.jpa.modelgen_2.5.2.v20140319-9ad6abd.jar" />
    <property name="sun.java.launcher" value="SUN_STANDARD" />
    <property name="libs.junit.classpath" value="D:\Tools\NetBeans 8.0\java\modules\ext\junit-3.8.2.jar" />
    <property name="libs.hibernate4-persistencemodelgen.javadoc" value="" />
    <property name="libs.jaxb.javadoc" value="D:\Tools\NetBeans 8.0\ide\docs\jaxb-api-doc.zip" />
    <property name="org.openide.awt.SwingBrowserImpl.do-not-block-awt" value="false" />
    <property name="javac.includes.binary" value="C:\Users\Mnesymne\Documents\GitHub\InternetBankieren\BankierenNoObserverFX\build\test\classes\bank\bankieren\IBalieTest.class" />
    <property name="ant.home" value="D:\Tools\NetBeans 8.0\extide\ant" />
    <property name="libs.junit_4.src" value="D:\Tools\NetBeans 8.0\java\docs\junit-4.10-sources.jar" />
    <property name="javafx.run.height" value="600" />
    <property name="libs.testng.classpath" value="D:\Tools\NetBeans 8.0\platform\modules\ext\testng-6.8.1-dist.jar" />
    <property name="libs.absolutelayout.maven-pom" value="" />
    <property name="ant.java.version" value="1.8" />
    <property name="java.library.path" value="D:\Tools\jdk1.8.0_11\jre\bin;C:\Windows\Sun\Java\bin;C:\Windows\system32;C:\Windows;C:\ProgramData\Oracle\Java\javapath;C:\Program Files (x86)\Intel\iCLS Client\;C:\Program Files\Intel\iCLS Client\;C:\Windows\system32;C:\Windows;C:\Windows\System32\Wbem;C:\Windows\System32\WindowsPowerShell\v1.0\;C:\Program Files\Intel\Intel(R) Management Engine Components\DAL;C:\Program Files\Intel\Intel(R) Management Engine Components\IPT;C:\Program Files (x86)\Intel\Intel(R) Management Engine Components\DAL;C:\Program Files (x86)\Intel\Intel(R) Management Engine Components\IPT;D:\Tools\calibre\;C:\Program Files (x86)\Windows Kits\8.1\Windows Performance Toolkit\;C:\Program Files\Microsoft SQL Server\110\Tools\Binn\;C:\Program Files (x86)\Microsoft SDKs\TypeScript\1.0\;D:\Tools\bitvise;C:\Program Files (x86)\NVIDIA Corporation\PhysX\Common;." />
    <property name="javadoc.author" value="false" />
    <property name="java.util.logging.config.class" value="org.netbeans.core.startup.TopLogging" />
    <property name="libs.spring-framework400.src" value="" />
    <property name="libs.PostgreSQLDriver.src" value="" />
    <property name="sun.arch.data.model" value="64" />
    <property name="basedir" value="C:\Users\Mnesymne\Documents\GitHub\InternetBankieren\BankierenNoObserverFX" />
    <property name="libs.jpa20-persistence.maven-pom" value="" />
    <property name="jar.compress" value="false" />
    <property name="path.separator" value=";" />
    <property name="ant.junit.enabletestlistenerevents" value="true" />
    <property name="sun.io.unicode.encoding" value="UnicodeLittle" />
    <property name="libs.jaxws21.classpath" value="D:\Tools\NetBeans 8.0\ide\modules\ext\jaxb\jaxb-impl.jar;D:\Tools\NetBeans 8.0\ide\modules\ext\jaxb\jaxb-xjc.jar;D:\Tools\NetBeans 8.0\java\modules\ext\jaxws22\FastInfoset.jar;D:\Tools\NetBeans 8.0\java\modules\ext\jaxws22\gmbal-api-only.jar;D:\Tools\NetBeans 8.0\java\modules\ext\jaxws22\ha-api.jar;D:\Tools\NetBeans 8.0\java\modules\ext\jaxws22\javax.mail_1.4.jar;D:\Tools\NetBeans 8.0\java\modules\ext\jaxws22\jaxws-rt.jar;D:\Tools\NetBeans 8.0\java\modules\ext\jaxws22\jaxws-tools.jar;D:\Tools\NetBeans 8.0\java\modules\ext\jaxws22\management-api.jar;D:\Tools\NetBeans 8.0\java\modules\ext\jaxws22\mimepull.jar;D:\Tools\NetBeans 8.0\java\modules\ext\jaxws22\policy.jar;D:\Tools\NetBeans 8.0\java\modules\ext\jaxws22\saaj-impl.jar;D:\Tools\NetBeans 8.0\java\modules\ext\jaxws22\stax-ex.jar;D:\Tools\NetBeans 8.0\java\modules\ext\jaxws22\stax2-api.jar;D:\Tools\NetBeans 8.0\java\modules\ext\jaxws22\streambuffer.jar;D:\Tools\NetBeans 8.0\java\modules\ext\jaxws22\woodstox-core-asl.jar;D:\Tools\NetBeans 8.0\java\modules\ext\jaxws22\api\jaxws-api.jar;D:\Tools\NetBeans 8.0\java\modules\ext\jaxws22\api\jsr181-api.jar;D:\Tools\NetBeans 8.0\java\modules\ext\jaxws22\api\javax.annotation.jar;D:\Tools\NetBeans 8.0\java\modules\ext\jaxws22\api\saaj-api.jar;D:\Tools\NetBeans 8.0\ide\modules\ext\jaxb\activation.jar;D:\Tools\NetBeans 8.0\ide\modules\ext\jaxb\api\jaxb-api.jar;D:\Tools\NetBeans 8.0\ide\modules\ext\jaxb\api\jsr173_1.0_api.jar" />
    <property name="compile.on.save" value="true" />
    <property name="apple.awt.graphics.UseQuartz" value="true" />
    <property name="user.language" value="en" />
    <property name="testng.mode" value="testng" />
    <property name="libs.JAXB-ENDORSED.maven-pom" value="" />
    <property name="libs.eclipselink.maven-pom" value="" />
    <property name="application.vendor" value="frankcoenen" />
    <property name="test.binaryincludes" value="&lt;nothing&gt;" />
    <property name="manifest.available" value="true" />
    <property name="libs.spring-framework300.maven-pom" value="" />
    <property name="run.test.classpath" value="D:\Tools\jdk1.8.0_11\jre/lib/javaws.jar:D:\Tools\jdk1.8.0_11\jre/lib/deploy.jar:D:\Tools\jdk1.8.0_11\jre/lib/plugin.jar:build/classes:D:\Tools\NetBeans 8.0\platform\modules\ext\junit-4.10.jar:build/test/classes" />
    <property name="ant.project.invoked-targets" value="debug-test" />
    <property name="test.binaryexcludes" value="" />
    <property name="libs.swing-layout.javadoc" value="D:\Tools\NetBeans 8.0\platform\docs\swing-layout-1.0.4-doc.zip" />
    <property name="sun.java2d.dpiaware" value="true" />
    <property name="libs.hibernate4-persistence.maven-pom" value="" />
    <property name="https.nonProxyHosts" value="localhost|127.0.0.1|Mneysmne" />
    <property name="libs.PostgreSQLDriver.maven-pom" value="" />
    <property name="java.class.version" value="52.0" />
    <property name="libs.JAVADB_DRIVER_LABEL.classpath" value="D:\Tools\jdk1.8.0_11\db\lib\derby.jar;D:\Tools\jdk1.8.0_11\db\lib\derbyclient.jar;D:\Tools\jdk1.8.0_11\db\lib\derbynet.jar" />
    <property name="jpda.address" value="javadebug" />
    <property name="libs.hibernate4-persistencemodelgen.maven-pom" value="" />
    <property name="libs.eclipselink.javadoc" value="D:\Tools\NetBeans 8.0\java\modules\ext\docs\javax.persistence-2.1.0-doc.zip" />
    <property name="user.properties.file" value="C:\Users\Mnesymne\AppData\Roaming\NetBeans\8.0\build.properties" />
    <property name="runtime.encoding" value="UTF-8" />
    <property name="javafx.rebase.libs" value="false" />
    <property name="libs.javac-api.maven-pom" value="" />
    <property name="file.encoding.pkg" value="sun.io" />
    <property name="sun.cpu.endian" value="little" />
    <property name="libs.JAXB-ENDORSED.javadoc" value="" />
    <property name="libs.MySQLDriver_2.javadoc" value="" />
    <property name="libs.JWSAntTasks.classpath" value="D:\Tools\NetBeans 8.0\java\ant\extra\org-netbeans-modules-javawebstart-anttasks.jar" />
    <property name="libs.spring-framework300.src" value="" />
    <property name="empty.dir" value="C:\Users\Mnesymne\Documents\GitHub\InternetBankieren\BankierenNoObserverFX\build\empty" />
    <property name="javafx.deploy.backgroundupdate" value="false" />
    <property name="javafx.disable.concurrent.runs" value="false" />
    <property name="version-output" value="java version &quot;1.8" />
    <property name="test.binarytestincludes" value="" />
    <property name="libs.hibernate4-persistencemodelgen.src" value="" />
    <property name="javafx.preloader.jar.path" value="" />
    <property name="javadoc.preview" value="true" />
    <property name="libs.jpa20-persistence.javadoc" value="D:\Tools\NetBeans 8.0\java\modules\ext\docs\javax.persistence-2.1.0-doc.zip" />
    <property name="java.home" value="D:\Tools\jdk1.8.0_11\jre" />
    <property name="debug.test.classpath" value="D:\Tools\jdk1.8.0_11\jre/lib/javaws.jar:D:\Tools\jdk1.8.0_11\jre/lib/deploy.jar:D:\Tools\jdk1.8.0_11\jre/lib/plugin.jar:build/classes:D:\Tools\NetBeans 8.0\platform\modules\ext\junit-4.10.jar:build/test/classes" />
    <property name="ant.file.BankierenNoObserverFX-impl" value="C:\Users\Mnesymne\Documents\GitHub\InternetBankieren\BankierenNoObserverFX\nbproject\build-impl.xml" />
    <property name="netbeans.importclass" value="org.netbeans.upgrade.AutoUpgrade" />
    <property name="ant.project.default-target" value="default" />
    <property name="annotation.processing.run.all.processors" value="true" />
    <property name="jar.archive.disabled" value="true" />
    <property name="libs.PostgreSQLDriver.javadoc" value="" />
    <property name="javafx.main.class" value="bank.gui.BankierClient" />
    <property name="libs.MySQLDriver.maven-pom" value="" />
    <property name="libs.hibernate4-persistence.javadoc" value="D:\Tools\NetBeans 8.0\java\modules\ext\docs\javax.persistence-2.1.0-doc.zip" />
    <property name="javafx.application.implementation.version" value="1.0" />
    <property name="http.nonProxyHosts" value="localhost|127.0.0.1|Mneysmne" />
    <property name="libs.junit_4.javadoc" value="D:\Tools\NetBeans 8.0\java\docs\junit-4.10-javadoc.jar" />
    <property name="run.classpath" value="dist/BankierenNoObserverFX.jar:D:\Tools\jdk1.8.0_11\jre/lib/javaws.jar:D:\Tools\jdk1.8.0_11\jre/lib/deploy.jar:D:\Tools\jdk1.8.0_11\jre/lib/plugin.jar:build/classes" />
    <property name="endorsed.javafx.ant.classpath" value="." />
    <property name="jna.boot.library.name" value="jnidispatch-410" />
    <property name="sun.awt.datatransfer.timeout" value="1000" />
    <property name="libs.jpa2-persistence.maven-pom" value="" />
    <property name="annotation.processing.enabled.in.editor" value="false" />
    <property name="libs.hibernate4-support.classpath" value="D:\Tools\NetBeans 8.0\java\modules\ext\hibernate4\antlr-2.7.7.jar;D:\Tools\NetBeans 8.0\java\modules\ext\hibernate4\c3p0-0.9.2.1.jar;D:\Tools\NetBeans 8.0\java\modules\ext\hibernate4\hibernate-c3p0-4.3.1.Final.jar;D:\Tools\NetBeans 8.0\java\modules\ext\hibernate4\mchange-commons-java-0.2.3.4.jar;D:\Tools\NetBeans 8.0\java\modules\ext\hibernate4\dom4j-1.6.1.jar;D:\Tools\NetBeans 8.0\java\modules\ext\hibernate4\ehcache-core-2.4.3.jar;D:\Tools\NetBeans 8.0\java\modules\ext\hibernate4\hibernate-ehcache-4.3.1.Final.jar;D:\Tools\NetBeans 8.0\java\modules\ext\hibernate4\hibernate-core-4.3.1.Final.jar;D:\Tools\NetBeans 8.0\java\modules\ext\hibernate4\jboss-logging-3.1.3.GA.jar;D:\Tools\NetBeans 8.0\java\modules\ext\hibernate4\hibernate-commons-annotations-4.0.4.Final.jar;D:\Tools\NetBeans 8.0\java\modules\ext\hibernate4\hibernate-entitymanager-4.3.1.Final.jar;D:\Tools\NetBeans 8.0\java\modules\ext\hibernate4\javassist-3.18.1-GA.jar;D:\Tools\NetBeans 8.0\java\modules\ext\hibernate4\jboss-transaction-api_1.2_spec-1.0.0.Final.jar;D:\Tools\NetBeans 8.0\java\modules\ext\hibernate4\slf4j-api-1.6.1.jar;D:\Tools\NetBeans 8.0\java\modules\ext\hibernate4\slf4j-simple-1.6.1.jar" />
    <property name="libs.MySQLDriver_2.src" value="" />
    <property name="nb.native.filechooser" value="false" />
    <property name="sun.management.compiler" value="HotSpot 64-Bit Tiered Compilers" />
    <property name="javac.deprecation" value="false" />
    <property name="javadoc.use" value="true" />
    <property name="sun.java2d.noddraw" value="true" />
    <property name="javac.processorpath" value="D:\Tools\jdk1.8.0_11\jre/lib/javaws.jar:D:\Tools\jdk1.8.0_11\jre/lib/deploy.jar:D:\Tools\jdk1.8.0_11\jre/lib/plugin.jar" />
    <property name="javac.compilerargs" value="" />
    <property name="ant.file" value="C:\Users\Mnesymne\Documents\GitHub\InternetBankieren\BankierenNoObserverFX\build.xml" />
    <property name="libs.beans-binding.maven-pom" value="" />
    <property name="libs.hibernate4-support.javadoc" value="D:\Tools\NetBeans 8.0\java\modules\ext\docs\javax.persistence-2.1.0-doc.zip" />
    <property name="javafx.signing.type" value="self" />
    <property name="libs.beans-binding.src" value="" />
    <property name="java.vm.specification.vendor" value="Oracle Corporation" />
    <property name="libs.swing-layout.src" value="D:\Tools\NetBeans 8.0\platform\docs\swing-layout-1.0.4-src.zip" />
    <property name="org.openide.major.version" value="IDE/1" />
    <property name="java.vm.name" value="Java HotSpot(TM) 64-Bit Server VM" />
    <property name="javafx.preloader.jar.filename" value="" />
    <property name="netbeans.user" value="C:\Users\Mnesymne\AppData\Roaming\NetBeans\8.0" />
    <property name="javadoc.additionalparam" value="" />
    <property name="java.io.tmpdir" value="C:\Users\Mnesymne\AppData\Local\Temp\" />
    <property name="javafx.run.inbrowser.path" value="C:\Program Files (x86)\Mozilla Firefox\firefox.exe" />
    <property name="java.vendor.url" value="http://java.oracle.com/" />
    <property name="endorsed.classpath.cmd.line.arg" value="" />
    <property name="junit.available" value="true" />
    <property name="ant.file.BankierenFX300" value="C:\Users\Mnesymne\Documents\GitHub\InternetBankieren\BankierenNoObserverFX\build.xml" />
    <property name="org.openide.awt.ActionReference.completion" value="org.netbeans.modules.apisupport.project.layers.PathCompletions" />
    <property name="sun.boot.library.path" value="D:\Tools\jdk1.8.0_11\jre\bin" />
    <property name="have.sources" value="true" />
    <property name="debug.classpath" value="dist/BankierenNoObserverFX.jar:D:\Tools\jdk1.8.0_11\jre/lib/javaws.jar:D:\Tools\jdk1.8.0_11\jre/lib/deploy.jar:D:\Tools\jdk1.8.0_11\jre/lib/plugin.jar:build/classes" />
    <property name="javadoc.private" value="false" />
    <property name="test.src.dir" value="test" />
    <property name="ap.processors.internal" value="" />
    <property name="meta.inf.dir" value="src/META-INF" />
    <property name="javadoc.encoding.used" value="UTF-8" />
    <property name="dist.jar" value="dist/BankierenNoObserverFX.jar" />
    <property name="libs.spring-framework400.maven-pom" value="" />
    <property name="java.runtime.name" value="Java(TM) SE Runtime Environment" />
    <property name="ant.project.name" value="BankierenFX300" />
    <property name="netbeans.hash.code" value="unique=NBJDK_EXTIDE_JAVA_JDK07f24ddd1-d2d7-4048-8098-16685be47312_13ff4652-1641-460b-b899-0c8d711d45db" />
    <property name="netbeans.default_userdir_root" value="C:\Users\Mnesymne\AppData\Roaming\NetBeans" />
    <property name="sun.cpu.isalist" value="amd64" />
    <property name="libs.spring-framework400.javadoc" value="" />
    <property name="libs.CopyLibs.javadoc" value="" />
    <property name="org.openide.specification.version" value="6.2" />
    <property name="javafx.classpath.extension" value="D:\Tools\jdk1.8.0_11\jre/lib/javaws.jar:D:\Tools\jdk1.8.0_11\jre/lib/deploy.jar:D:\Tools\jdk1.8.0_11\jre/lib/plugin.jar" />
    <property name="user.home" value="C:\Users\Mnesymne" />
    <property name="annotation.processing.processors.list" value="" />
    <property name="debug-args-line" value="-Xdebug" />
    <property name="libs.JWSAntTasks.src" value="" />
    <property name="jar.index" value="false" />
    <property name="libs.CopyLibs.maven-pom" value="" />
    <property name="libs.spring-framework300.javadoc" value="" />
    <property name="libs.absolutelayout.javadoc" value="" />
    <property name="guice.disable.misplaced.annotation.check" value="true" />
    <property name="java.specification.name" value="Java Platform API Specification" />
    <property name="java.specification.vendor" value="Oracle Corporation" />
    <property name="libs.javac-api.classpath" value="D:\Tools\NetBeans 8.0\java\modules\ext\nb-javac-api.jar" />
    <property name="java.version" value="1.8.0_11" />
    <property name="run.jvmargs.ide" value="" />
    <property name="javadoc.version" value="false" />
    <property name="libs.MySQLDriver.javadoc" value="" />
    <property name="org.openide.version" value="deprecated" />
    <property name="platform.java" value="D:\Tools\jdk1.8.0_11\jre/bin/java" />
    <property name="source.encoding" value="UTF-8" />
    <property name="ap.cmd.line.internal" value="" />
    <property name="libs.eclipselinkmodelgen.maven-pom" value="" />
    <property name="ant.file.type.jfx-impl" value="file" />
    <property name="libs.junit.maven-pom" value="" />
    <property name="libs.eclipselinkmodelgen.javadoc" value="" />
    <property name="ant.file.jfx-impl" value="C:\Users\Mnesymne\Documents\GitHub\InternetBankieren\BankierenNoObserverFX\nbproject\jfx-impl.xml" />
    <property name="netbeans.home+have.tests" value="true" />
    <property name="annotation.processing.processor.options" value="" />
    <property name="javafx.deploy.adddesktopshortcut" value="false" />
    <property name="libs.testng.maven-pom" value="" />
    <property name="libs.jaxb.src" value="" />
    <property name="work.dir" value="C:\Users\Mnesymne\Documents\GitHub\InternetBankieren\BankierenNoObserverFX" />
    <property name="compile.on.save.unsupported.javafx" value="true" />
    <property name="libs.jaxb.classpath" value="D:\Tools\NetBeans 8.0\ide\modules\ext\jaxb\jaxb-impl.jar;D:\Tools\NetBeans 8.0\ide\modules\ext\jaxb\jaxb-xjc.jar;D:\Tools\NetBeans 8.0\ide\modules\ext\jaxb\jaxb1-impl.jar;D:\Tools\NetBeans 8.0\ide\modules\ext\jaxb\activation.jar;D:\Tools\NetBeans 8.0\ide\modules\ext\jaxb\api\jaxb-api.jar;D:\Tools\NetBeans 8.0\ide\modules\ext\jaxb\api\jsr173_1.0_api.jar" />
    <property name="do.depend" value="false" />
    <property name="dist.javadoc.dir" value="dist/javadoc" />
    <property name="libs.swing-layout.classpath" value="D:\Tools\NetBeans 8.0\platform\modules\ext\swing-layout-1.0.4.jar" />
    <property name="build.generated.dir" value="build/generated" />
    <property name="javac.source" value="1.8" />
    <property name="javafx.fallback.class" value="com.javafx.main.NoJavaFXFallback" />
    <property name="line.separator" value="&#xd;&#xa;" />
    <property name="java.specification.version" value="1.8" />
    <property name="libs.jaxws21.maven-pom" value="" />
    <property name="java.vm.info" value="mixed mode" />
    <property name="nb.junit.batch" value="true" />
    <property name="junit.forkmode" value="perTest" />
    <property name="sun.boot.class.path" value="D:\Tools\jdk1.8.0_11\jre\lib\resources.jar;D:\Tools\jdk1.8.0_11\jre\lib\rt.jar;D:\Tools\jdk1.8.0_11\jre\lib\sunrsasign.jar;D:\Tools\jdk1.8.0_11\jre\lib\jsse.jar;D:\Tools\jdk1.8.0_11\jre\lib\jce.jar;D:\Tools\jdk1.8.0_11\jre\lib\charsets.jar;D:\Tools\jdk1.8.0_11\jre\lib\jfr.jar;D:\Tools\jdk1.8.0_11\jre\classes" />
    <property name="javac.target" value="1.8" />
    <property name="built-jar.properties" value="C:\Users\Mnesymne\Documents\GitHub\InternetBankieren\BankierenNoObserverFX\build\built-jar.properties" />
    <property name="javafx.deploy.permissionselevated" value="true" />
    <property name="build.test.classes.dir" value="build/test/classes" />
    <property name="src.dir" value="src" />
    <property name="annotation.processing.enabled" value="true" />
    <property name="libs.jpa2-persistence.src" value="" />
    <property name="sun.awt.keepWorkingSetOnMinimize" value="true" />
    <property name="libs.jpa20-persistence.src" value="" />
    <property name="libs.JAVADB_DRIVER_LABEL.maven-pom" value="" />
    <property name="javafx.enable.concurrent.external.runs" value="false" />
    <property name="javafx.deploy.embedJNLP" value="true" />
    <property name="dist.dir" value="dist" />
    <property name="testng.debug.mode" value="" />
    <property name="javac.fork" value="false" />
    <property name="libs.MySQLDriver_2.classpath" value="D:\Tools\NetBeans 8.0\ide\modules\ext\mysql-connector-java-5.1.23-bin.jar" />
    <property name="java.awt.printerjob" value="sun.awt.windows.WPrinterJob" />
    <property name="default.javac.source" value="1.8" />
    <property name="debug-transport-by-os" value="dt_shmem" />
    <property name="sun.jnu.encoding" value="Cp1252" />
    <property name="libs.MySQLDriver.src" value="" />
    <property name="build.test.results.dir" value="build/test/results" />
    <property name="java.runtime.version" value="1.8.0_11-b12" />
    <property name="javafx.run.inbrowser" value="&lt;Default System Browser&gt;" />
    <property name="native.bundling.enabled" value="false" />
    <property name="javafx.deploy.disable.proxy" value="false" />
    <property name="default.javac.target" value="1.8" />
    <property name="libs.junit_4.classpath" value="D:\Tools\NetBeans 8.0\platform\modules\ext\junit-4.10.jar" />
    <property name="user.timezone" value="Europe/Berlin" />
    <property name="nb.junit.single" value="false" />
    <property name="do.jar" value="true" />
    <property name="libs.JAVADB_DRIVER_LABEL.javadoc" value="" />
    <property name="netbeans.dirs" value="D:\Tools\NetBeans 8.0\nb;D:\Tools\NetBeans 8.0\ergonomics;D:\Tools\NetBeans 8.0\ide;D:\Tools\NetBeans 8.0\extide;D:\Tools\NetBeans 8.0\java;D:\Tools\NetBeans 8.0\apisupport;D:\Tools\NetBeans 8.0\webcommon;D:\Tools\NetBeans 8.0\websvccommon;D:\Tools\NetBeans 8.0\enterprise;D:\Tools\NetBeans 8.0\mobility;D:\Tools\NetBeans 8.0\profiler;D:\Tools\NetBeans 8.0\python;D:\Tools\NetBeans 8.0\php;D:\Tools\NetBeans 8.0\identity;D:\Tools\NetBeans 8.0\harness;D:\Tools\NetBeans 8.0\cnd;D:\Tools\NetBeans 8.0\dlight;D:\Tools\NetBeans 8.0\groovy;D:\Tools\NetBeans 8.0\extra;D:\Tools\NetBeans 8.0\javacard;D:\Tools\NetBeans 8.0\javafx" />
    <property name="java.ext.dirs" value="D:\Tools\jdk1.8.0_11\jre\lib\ext;C:\Windows\Sun\Java\lib\ext" />
    <property name="endorsed.classpath" value="" />
    <property name="libs.absolutelayout.classpath" value="D:\Tools\NetBeans 8.0\java\modules\ext\AbsoluteLayout.jar" />
    <property name="excludes" value="" />
    <property name="libs.jpa2-persistence.javadoc" value="D:\Tools\NetBeans 8.0\java\modules\ext\docs\javax.persistence-2.1.0-doc.zip" />
    <property name="apple.laf.useScreenMenuBar" value="true" />
    <property name="java.class.path" value="D:\Tools\jdk1.8.0_11\jre\lib\javaws.jar;D:\Tools\jdk1.8.0_11\jre\lib\deploy.jar;D:\Tools\jdk1.8.0_11\jre\lib\plugin.jar;C:\Users\Mnesymne\Documents\GitHub\InternetBankieren\BankierenNoObserverFX\build\classes;D:\Tools\NetBeans 8.0\platform\modules\ext\junit-4.10.jar;C:\Users\Mnesymne\Documents\GitHub\InternetBankieren\BankierenNoObserverFX\build\test\classes;D:\Tools\NetBeans 8.0\extide\ant\lib\ant-launcher.jar;D:\Tools\NetBeans 8.0\extide\ant\lib\ant.jar;D:\Tools\NetBeans 8.0\extide\ant\lib\ant-junit.jar;D:\Tools\NetBeans 8.0\extide\ant\lib\ant-junit4.jar" />
    <property name="libs.absolutelayout.src" value="D:\Tools\NetBeans 8.0\ide\modules\ext\mysql-connector-java-5.1.23-bin.jar" />
    <property name="libs.jpa20-persistence.classpath" value="D:\Tools\NetBeans 8.0\java\modules\ext\eclipselink\javax.persistence_2.1.0.v201304241213.jar" />
    <property name="os.version" value="6.3" />
    <property name="application.args" value="" />
    <property name="manifest.custom.permissions" value="" />
    <property name="main.class.available" value="true" />
    <property name="sun.awt.enableExtraMouseButtons" value="true" />
    <property name="sun.desktop" value="windows" />
    <property name="libs.hibernate4-persistence.src" value="" />
    <property name="auxiliary.org-netbeans-spi-editor-hints-projects.perProjectHintSettingsFile" value="nbproject/cfg_hints.xml" />
    <property name="libs.hibernate4-support.maven-pom" value="" />
    <property name="javafx.deploy.allowoffline" value="true" />
    <property name="libs.JAXB-ENDORSED.classpath" value="D:\Tools\NetBeans 8.0\ide\modules\ext\jaxb\api\jaxb-api.jar" />
    <property name="nb.internal.action.name" value="debug.single" />
    <property name="libs.eclipselink.classpath" value="D:\Tools\NetBeans 8.0\java\modules\ext\eclipselink\eclipselink.jar;D:\Tools\NetBeans 8.0\java\modules\ext\eclipselink\javax.persistence_2.1.0.v201304241213.jar;D:\Tools\NetBeans 8.0\java\modules\ext\eclipselink\org.eclipse.persistence.jpa.jpql_2.5.2.v20140319-9ad6abd.jar" />
    <property name="libs.beans-binding.javadoc" value="D:\Tools\NetBeans 8.0\java\docs\beansbinding-1.2.1-doc.zip" />
    <property name="java.awt.graphicsenv" value="sun.awt.Win32GraphicsEnvironment" />
    <property name="java.vm.vendor" value="Oracle Corporation" />
    <property name="libs.CopyLibs.classpath" value="D:\Tools\NetBeans 8.0\java\ant\extra\org-netbeans-modules-java-j2seproject-copylibstask.jar" />
    <property name="libs.spring-framework300.classpath" value="D:\Tools\NetBeans 8.0\ide\modules\org-apache-commons-logging.jar;D:\Tools\NetBeans 8.0\java\modules\ext\cglib-2.2.jar;D:\Tools\NetBeans 8.0\java\modules\ext\spring-3.0\spring-aop-3.2.7.RELEASE.jar;D:\Tools\NetBeans 8.0\java\modules\ext\spring-3.0\spring-aspects-3.2.7.RELEASE.jar;D:\Tools\NetBeans 8.0\java\modules\ext\spring-3.0\spring-beans-3.2.7.RELEASE.jar;D:\Tools\NetBeans 8.0\java\modules\ext\spring-3.0\spring-build-src-3.2.7.RELEASE.jar;D:\Tools\NetBeans 8.0\java\modules\ext\spring-3.0\spring-context-3.2.7.RELEASE.jar;D:\Tools\NetBeans 8.0\java\modules\ext\spring-3.0\spring-context-support-3.2.7.RELEASE.jar;D:\Tools\NetBeans 8.0\java\modules\ext\spring-3.0\spring-core-3.2.7.RELEASE.jar;D:\Tools\NetBeans 8.0\java\modules\ext\spring-3.0\spring-expression-3.2.7.RELEASE.jar;D:\Tools\NetBeans 8.0\java\modules\ext\spring-3.0\spring-framework-bom-3.2.7.RELEASE.jar;D:\Tools\NetBeans 8.0\java\modules\ext\spring-3.0\spring-instrument-3.2.7.RELEASE.jar;D:\Tools\NetBeans 8.0\java\modules\ext\spring-3.0\spring-instrument-tomcat-3.2.7.RELEASE.jar;D:\Tools\NetBeans 8.0\java\modules\ext\spring-3.0\spring-jdbc-3.2.7.RELEASE.jar;D:\Tools\NetBeans 8.0\java\modules\ext\spring-3.0\spring-jms-3.2.7.RELEASE.jar;D:\Tools\NetBeans 8.0\java\modules\ext\spring-3.0\spring-orm-3.2.7.RELEASE.jar;D:\Tools\NetBeans 8.0\java\modules\ext\spring-3.0\spring-oxm-3.2.7.RELEASE.jar;D:\Tools\NetBeans 8.0\java\modules\ext\spring-3.0\spring-struts-3.2.7.RELEASE.jar;D:\Tools\NetBeans 8.0\java\modules\ext\spring-3.0\spring-test-3.2.7.RELEASE.jar;D:\Tools\NetBeans 8.0\java\modules\ext\spring-3.0\spring-tx-3.2.7.RELEASE.jar;D:\Tools\NetBeans 8.0\java\modules\ext\spring-3.0\spring-web-3.2.7.RELEASE.jar;D:\Tools\NetBeans 8.0\java\modules\ext\spring-3.0\spring-webmvc-3.2.7.RELEASE.jar;D:\Tools\NetBeans 8.0\java\modules\ext\spring-3.0\spring-webmvc-portlet-3.2.7.RELEASE.jar" />
    <property name="run.jvmargs" value="" />
    <property name="libs.hibernate4-persistence.classpath" value="D:\Tools\NetBeans 8.0\java\modules\ext\hibernate4\antlr-2.7.7.jar;D:\Tools\NetBeans 8.0\java\modules\ext\hibernate4\c3p0-0.9.2.1.jar;D:\Tools\NetBeans 8.0\java\modules\ext\hibernate4\hibernate-c3p0-4.3.1.Final.jar;D:\Tools\NetBeans 8.0\java\modules\ext\hibernate4\mchange-commons-java-0.2.3.4.jar;D:\Tools\NetBeans 8.0\java\modules\ext\hibernate4\dom4j-1.6.1.jar;D:\Tools\NetBeans 8.0\java\modules\ext\hibernate4\ehcache-core-2.4.3.jar;D:\Tools\NetBeans 8.0\java\modules\ext\hibernate4\hibernate-ehcache-4.3.1.Final.jar;D:\Tools\NetBeans 8.0\java\modules\ext\hibernate4\hibernate-core-4.3.1.Final.jar;D:\Tools\NetBeans 8.0\java\modules\ext\hibernate4\jboss-logging-3.1.3.GA.jar;D:\Tools\NetBeans 8.0\java\modules\ext\hibernate4\hibernate-commons-annotations-4.0.4.Final.jar;D:\Tools\NetBeans 8.0\java\modules\ext\hibernate4\hibernate-entitymanager-4.3.1.Final.jar;D:\Tools\NetBeans 8.0\java\modules\ext\hibernate4\javassist-3.18.1-GA.jar;D:\Tools\NetBeans 8.0\java\modules\ext\hibernate4\jboss-transaction-api_1.2_spec-1.0.0.Final.jar;D:\Tools\NetBeans 8.0\java\modules\ext\hibernate4\slf4j-api-1.6.1.jar;D:\Tools\NetBeans 8.0\java\modules\ext\hibernate4\slf4j-simple-1.6.1.jar;D:\Tools\NetBeans 8.0\java\modules\ext\hibernate4\hibernate-jpa-2.1-api-1.0.0.Final.jar" />
    <property name="libs.JAXB-ENDORSED.src" value="" />
    <property name="libs.testng.javadoc" value="D:\Tools\NetBeans 8.0\platform\docs\testng-6.8.1-javadoc.zip" />
    <property name="user.script" value="" />
    <property name="libs.PostgreSQLDriver.classpath" value="D:\Tools\NetBeans 8.0\ide\modules\ext\postgresql-9.2-1002.jdbc4.jar" />
    <property name="libs.hibernate4-persistencemodelgen.classpath" value="D:\Tools\NetBeans 8.0\java\modules\ext\hibernate4\hibernate-jpamodelgen-4.3.1.Final.jar" />
    <property name="libs.junit.src" value="" />
    <property name="annotation.processing.source.output" value="build/generated-sources/ap-source-output" />
    <property name="main.class" value="com.javafx.main.Main" />
    <property name="build.dir" value="build" />
    <property name="libs.CopyLibs.src" value="" />
    <property name="ant.file.type.BankierenFX300" value="file" />
    <property name="ant.version" value="Apache Ant(TM) version 1.9.4 compiled on April 29 2014" />
    <property name="file.encoding" value="Cp1252" />
    <property name="build.classes.excludes" value="**/*.java,**/*.form" />
    <property name="javadoc.nonavbar" value="false" />
    <property name="jdkBug6558476" value="false" />
    <property name="platform.active" value="default_platform" />
    <property name="awt.toolkit" value="sun.awt.windows.WToolkit" />
    <property name="javafx.deploy.installpermanently" value="false" />
  </properties>
  <testcase classname="bank.bankieren.IBalieTest" name="testOpenRekening" time="10.545">
    <failure type="junit.framework.AssertionFailedError">junit.framework.AssertionFailedError
	at bank.bankieren.IBalieTest.testOpenRekening(IBalieTest.java:90)
</failure>
  </testcase>
  <system-out><![CDATA[]]></system-out>
  <system-err><![CDATA[]]></system-err>
</testsuite>
